[2025-03-18 01:37:42] [1] [WARN] Reporting disabled: using no op test run registrar
[2025-03-18 01:37:42] [1] [INFO] TEST [Automation - testDeleteRepository] STARTED at [02:37:42 2025-03-18]
[2025-03-18 01:37:42] [1] [ERROR] TEST [Automation - testDeleteRepository] FAILED at [02:37:42 2025-03-18] - Getting the value of parameter 'api_url_git' as required failed: the value is missing.

com.zebrunner.carina.utils.config.Configuration.lambda$getRequired$1(Configuration.java:173)
java.base/java.util.Optional.orElseThrow(Optional.java:403)
com.zebrunner.carina.utils.config.Configuration.getRequired(Configuration.java:172)
com.zebrunner.carina.utils.config.Configuration.getRequired(Configuration.java:167)
org.example.api.DeleteRepositoryMethod.<init>(DeleteRepositoryMethod.java:18)
api.DeleteGitHubTest.testDeleteRepository(GhTest.java:30)
java.base/jdk.internal.reflect.DirectMethodHandleAccessor.invoke(DirectMethodHandleAccessor.java:103)
java.base/java.lang.reflect.Method.invoke(Method.java:580)
org.testng.internal.invokers.MethodInvocationHelper.invokeMethod(MethodInvocationHelper.java:141)
org.testng.internal.invokers.TestInvoker.invokeMethod(TestInvoker.java:686)
org.testng.internal.invokers.TestInvoker.invokeTestMethod(TestInvoker.java:230)
org.testng.internal.invokers.MethodRunner.runInSequence(MethodRunner.java:63)
org.testng.internal.invokers.TestInvoker$MethodInvocationAgent.invoke(TestInvoker.java:992)
org.testng.internal.invokers.TestInvoker.invokeTestMethods(TestInvoker.java:203)
org.testng.internal.invokers.TestMethodWorker.invokeTestMethods(TestMethodWorker.java:154)
org.testng.internal.invokers.TestMethodWorker.run(TestMethodWorker.java:134)
java.base/java.util.ArrayList.forEach(ArrayList.java:1597)
org.testng.TestRunner.privateRun(TestRunner.java:739)
org.testng.TestRunner.run(TestRunner.java:614)
org.testng.SuiteRunner.runTest(SuiteRunner.java:421)
org.testng.SuiteRunner.runSequentially(SuiteRunner.java:413)
org.testng.SuiteRunner.privateRun(SuiteRunner.java:373)
org.testng.SuiteRunner.run(SuiteRunner.java:312)
org.testng.SuiteRunnerWorker.runSuite(SuiteRunnerWorker.java:52)
org.testng.SuiteRunnerWorker.run(SuiteRunnerWorker.java:95)
org.testng.TestNG.runSuitesSequentially(TestNG.java:1274)
org.testng.TestNG.runSuitesLocally(TestNG.java:1208)
org.testng.TestNG.runSuites(TestNG.java:1112)
org.testng.TestNG.run(TestNG.java:1079)
com.intellij.rt.testng.IDEARemoteTestNG.run(IDEARemoteTestNG.java:65)
com.intellij.rt.testng.RemoteTestNGStarter.main(RemoteTestNGStarter.java:105)
